<?xml version="1.0" encoding="UTF-8"?>
<robot generator="Robot 7.3.2 (Python 3.13.5 on win32)" generated="2025-07-20T22:39:27.850528" rpa="false" schemaversion="5">
<suite id="s1" name="Login Fluxo Test" source="C:\Users\nana\conexao-verde\tests\automacao\tests\E2E\login_fluxo_test.robot">
<kw name="Abrir Navegador na Tela de Login" owner="loginSteps" type="SETUP">
<kw name="Open Browser" owner="SeleniumLibrary">
<msg time="2025-07-20T22:39:28.225271" level="INFO">Opening browser 'chrome' to base url 'http://localhost:4200'.</msg>
<arg>${URL}</arg>
<arg>chrome</arg>
<doc>Opens a new browser instance to the optional ``url``.</doc>
<status status="PASS" start="2025-07-20T22:39:28.224870" elapsed="2.639277"/>
</kw>
<kw name="Maximize Browser Window" owner="SeleniumLibrary">
<doc>Maximizes current browser window.</doc>
<status status="PASS" start="2025-07-20T22:39:30.864811" elapsed="0.070414"/>
</kw>
<kw name="Go To" owner="SeleniumLibrary">
<msg time="2025-07-20T22:39:30.935893" level="INFO">Opening url 'http://localhost:4200'</msg>
<arg>${URL}</arg>
<doc>Navigates the current browser window to the provided ``url``.</doc>
<status status="PASS" start="2025-07-20T22:39:30.935541" elapsed="0.404990"/>
</kw>
<status status="PASS" start="2025-07-20T22:39:28.223774" elapsed="3.117180"/>
</kw>
<test id="s1-t1" name="Login Válido" line="14">
<kw name="Clicar No Botão da Tela De Introdução" owner="loginSteps">
<kw name="Wait Until Element Is Visible" owner="SeleniumLibrary">
<arg>${botao_intro}</arg>
<doc>Waits until the element ``locator`` is visible.</doc>
<status status="PASS" start="2025-07-20T22:39:31.344217" elapsed="3.226831"/>
</kw>
<kw name="Click Button" owner="SeleniumLibrary">
<msg time="2025-07-20T22:39:34.572310" level="INFO">Clicking button 'id=buttom-introducao'.</msg>
<arg>${botao_intro}</arg>
<doc>Clicks the button identified by ``locator``.</doc>
<status status="PASS" start="2025-07-20T22:39:34.571524" elapsed="0.288234"/>
</kw>
<status status="PASS" start="2025-07-20T22:39:31.343071" elapsed="3.516975"/>
</kw>
<kw name=" Preencher Credenciais" owner="loginSteps">
<kw name="Scroll Element Into View" owner="SeleniumLibrary">
<arg>${botao_login}</arg>
<doc>Scrolls the element identified by ``locator`` into view.</doc>
<status status="PASS" start="2025-07-20T22:39:34.862104" elapsed="0.326562"/>
</kw>
<kw name="Input Text" owner="SeleniumLibrary">
<msg time="2025-07-20T22:39:35.189860" level="INFO">Typing text 'nathaliegiuliani@hotmail.com' into text field 'id=email'.</msg>
<arg>${campo_email}</arg>
<arg>${user}</arg>
<doc>Types the given ``text`` into the text field identified by ``locator``.</doc>
<status status="PASS" start="2025-07-20T22:39:35.189138" elapsed="0.288638"/>
</kw>
<kw name="Input Text" owner="SeleniumLibrary">
<msg time="2025-07-20T22:39:35.478852" level="INFO">Typing text '123456' into text field 'id=senha'.</msg>
<arg>${campo_senha}</arg>
<arg>${pass}</arg>
<doc>Types the given ``text`` into the text field identified by ``locator``.</doc>
<status status="PASS" start="2025-07-20T22:39:35.478192" elapsed="0.174718"/>
</kw>
<arg>${USER}</arg>
<arg>${PASS}</arg>
<status status="PASS" start="2025-07-20T22:39:34.861060" elapsed="0.792081"/>
</kw>
<kw name="Clicar No Botão Do Login" owner="loginSteps">
<kw name="Click Button" owner="SeleniumLibrary">
<msg time="2025-07-20T22:39:35.655449" level="INFO">Clicking button 'id=botao-login'.</msg>
<arg>${botao_login}</arg>
<doc>Clicks the button identified by ``locator``.</doc>
<status status="PASS" start="2025-07-20T22:39:35.654902" elapsed="0.152605"/>
</kw>
<status status="PASS" start="2025-07-20T22:39:35.654087" elapsed="0.153700"/>
</kw>
<kw name="Verificar Sucesso No Login" owner="loginSteps">
<kw name="Wait Until Element Is Visible" owner="SeleniumLibrary">
<arg>${msg_boas_vindas}</arg>
<doc>Waits until the element ``locator`` is visible.</doc>
<status status="PASS" start="2025-07-20T22:39:35.810094" elapsed="1.269309"/>
</kw>
<kw name="Element Should Contain" owner="SeleniumLibrary">
<msg time="2025-07-20T22:39:37.154445" level="INFO">Element 'id=texto-explicativo' contains text 'Descubra projetos ambientais perto de você e comece a fazer a diferença'.</msg>
<arg>${msg_boas_vindas}</arg>
<arg>Descubra projetos ambientais perto de você e comece a fazer a diferença</arg>
<doc>Verifies that element ``locator`` contains text ``expected``.</doc>
<status status="PASS" start="2025-07-20T22:39:37.079724" elapsed="0.074931"/>
</kw>
<status status="PASS" start="2025-07-20T22:39:35.809064" elapsed="1.345825"/>
</kw>
<doc>Realiza login e verifica saudação na tela inicial</doc>
<status status="PASS" start="2025-07-20T22:39:31.341285" elapsed="5.814384"/>
</test>
<kw name="Fechar Navegador" owner="loginSteps" type="TEARDOWN">
<kw name="Close All Browsers" owner="SeleniumLibrary">
<doc>Closes all open browsers and resets the browser cache.</doc>
<status status="PASS" start="2025-07-20T22:39:37.159311" elapsed="6.570041"/>
</kw>
<status status="PASS" start="2025-07-20T22:39:37.158514" elapsed="6.571108"/>
</kw>
<status status="PASS" start="2025-07-20T22:39:27.853094" elapsed="15.876639"/>
</suite>
<statistics>
<total>
<stat pass="1" fail="0" skip="0">All Tests</stat>
</total>
<tag>
</tag>
<suite>
<stat name="Login Fluxo Test" id="s1" pass="1" fail="0" skip="0">Login Fluxo Test</stat>
</suite>
</statistics>
<errors>
<msg time="2025-07-20T22:39:28.220490" level="WARN">Imported resource file 'C:\Users\nana\conexao-verde\tests\automacao\resources\main.resource' is empty.</msg>
</errors>
</robot>
